F:\TEMP\NIUZBREPOSITORY\TRUNK\C++\CRYPTDB\DEBUG\KEYMANAGER.DLL
F:\TEMP\NIUZBREPOSITORY\TRUNK\C++\CRYPTDB\DEBUG\KEYMANAGER.ILK
F:\TEMP\NIUZBREPOSITORY\TRUNK\C++\CRYPTDB\DEBUG\KEYMANAGER.PDB
F:\Temp\NiuzbRepository\trunk\C++\CryptDB\KeyManager\Debug\cl.command.1.tlog
F:\Temp\NiuzbRepository\trunk\C++\CryptDB\KeyManager\Debug\CL.read.1.tlog
F:\Temp\NiuzbRepository\trunk\C++\CryptDB\KeyManager\Debug\CL.write.1.tlog
F:\TEMP\NIUZBREPOSITORY\TRUNK\C++\CRYPTDB\KEYMANAGER\DEBUG\KEYMANAGER.DLL.EMBED.MANIFEST
F:\TEMP\NIUZBREPOSITORY\TRUNK\C++\CRYPTDB\KEYMANAGER\DEBUG\KEYMANAGER.DLL.EMBED.MANIFEST.RES
F:\TEMP\NIUZBREPOSITORY\TRUNK\C++\CRYPTDB\KEYMANAGER\DEBUG\KEYMANAGER.DLL.INTERMEDIATE.MANIFEST
F:\TEMP\NIUZBREPOSITORY\TRUNK\C++\CRYPTDB\KEYMANAGER\DEBUG\KEYMANAGER.OBJ
F:\Temp\NiuzbRepository\trunk\C++\CryptDB\KeyManager\Debug\KeyManager.write.1.tlog
F:\Temp\NiuzbRepository\trunk\C++\CryptDB\KeyManager\Debug\KeyManager_manifest.rc
F:\Temp\NiuzbRepository\trunk\C++\CryptDB\KeyManager\Debug\link.19904.read.1.tlog
F:\Temp\NiuzbRepository\trunk\C++\CryptDB\KeyManager\Debug\link.19904.write.1.tlog
F:\Temp\NiuzbRepository\trunk\C++\CryptDB\KeyManager\Debug\link.19904-cvtres.read.1.tlog
F:\Temp\NiuzbRepository\trunk\C++\CryptDB\KeyManager\Debug\link.19904-cvtres.write.1.tlog
F:\Temp\NiuzbRepository\trunk\C++\CryptDB\KeyManager\Debug\link.command.1.tlog
F:\Temp\NiuzbRepository\trunk\C++\CryptDB\KeyManager\Debug\link.read.1.tlog
F:\Temp\NiuzbRepository\trunk\C++\CryptDB\KeyManager\Debug\link.write.1.tlog
F:\Temp\NiuzbRepository\trunk\C++\CryptDB\KeyManager\Debug\link-cvtres.read.1.tlog
F:\Temp\NiuzbRepository\trunk\C++\CryptDB\KeyManager\Debug\link-cvtres.write.1.tlog
F:\Temp\NiuzbRepository\trunk\C++\CryptDB\KeyManager\Debug\mt.command.1.tlog
F:\Temp\NiuzbRepository\trunk\C++\CryptDB\KeyManager\Debug\mt.read.1.tlog
F:\Temp\NiuzbRepository\trunk\C++\CryptDB\KeyManager\Debug\mt.write.1.tlog
F:\Temp\NiuzbRepository\trunk\C++\CryptDB\KeyManager\Debug\rc.command.1.tlog
F:\Temp\NiuzbRepository\trunk\C++\CryptDB\KeyManager\Debug\rc.read.1.tlog
F:\Temp\NiuzbRepository\trunk\C++\CryptDB\KeyManager\Debug\rc.write.1.tlog
F:\Temp\NiuzbRepository\trunk\C++\CryptDB\KeyManager\Debug\vc100.idb
F:\TEMP\NIUZBREPOSITORY\TRUNK\C++\CRYPTDB\KEYMANAGER\DEBUG\VC100.PDB
