生成启动时间为 2018/4/27 14:15:20。
     1>项目“F:\Temp\NiuzbRepository\trunk\C++\CryptDB\CryptDB.vcxproj”在节点 2 上(build 个目标)。
     1>InitializeBuildStatus:
         正在创建“Debug\CryptDB.unsuccessfulbuild”，因为已指定“AlwaysCreate”。
       ClCompile:
         C:\Program Files (x86)\Microsoft Visual Studio 10.0\VC\bin\CL.exe /c /ZI /nologo /W3 /WX- /Od /Oy- /D WIN32 /D _DEBUG /D _CONSOLE /D _UNICODE /D UNICODE /Gm /EHsc /RTC1 /MDd /GS /fp:precise /Zc:wchar_t /Zc:forScope /Fo"Debug\\" /Fd"Debug\vc100.pdb" /Gd /TP /analyze- /errorReport:prompt CryptDB.cpp
         CryptDB.cpp
     1>f:\temp\niuzbrepository\trunk\c++\cryptdb\cryptdb.cpp(127): warning C4996: 'fopen': This function or variable may be unsafe. Consider using fopen_s instead. To disable deprecation, use _CRT_SECURE_NO_WARNINGS. See online help for details.
                 c:\program files (x86)\microsoft visual studio 10.0\vc\include\stdio.h(234) : 参见“fopen”的声明
     1>f:\temp\niuzbrepository\trunk\c++\cryptdb\cryptdb.cpp(146): warning C4244: “参数”: 从“fpos_t”转换到“size_t”，可能丢失数据
     1>f:\temp\niuzbrepository\trunk\c++\cryptdb\cryptdb.cpp(147): warning C4244: “参数”: 从“fpos_t”转换到“size_t”，可能丢失数据
     1>f:\temp\niuzbrepository\trunk\c++\cryptdb\cryptdb.cpp(150): warning C4244: “参数”: 从“fpos_t”转换到“size_t”，可能丢失数据
     1>f:\temp\niuzbrepository\trunk\c++\cryptdb\cryptdb.cpp(153): warning C4244: “=”: 从“fpos_t”转换到“int”，可能丢失数据
     1>f:\temp\niuzbrepository\trunk\c++\cryptdb\cryptdb.cpp(158): warning C4996: 'fopen': This function or variable may be unsafe. Consider using fopen_s instead. To disable deprecation, use _CRT_SECURE_NO_WARNINGS. See online help for details.
                 c:\program files (x86)\microsoft visual studio 10.0\vc\include\stdio.h(234) : 参见“fopen”的声明
       ManifestResourceCompile:
         所有输出均为最新。
       Link:
         C:\Program Files (x86)\Microsoft Visual Studio 10.0\VC\bin\link.exe /ERRORREPORT:PROMPT /OUT:"F:\Temp\NiuzbRepository\trunk\C++\CryptDB\Debug\CryptDB.exe" /INCREMENTAL /NOLOGO Debug\KeyManager.lib kernel32.lib user32.lib gdi32.lib winspool.lib comdlg32.lib advapi32.lib shell32.lib ole32.lib oleaut32.lib uuid.lib odbc32.lib odbccp32.lib /MANIFEST /ManifestFile:"Debug\CryptDB.exe.intermediate.manifest" /MANIFESTUAC:"level='asInvoker' uiAccess='false'" /DEBUG /PDB:"F:\Temp\NiuzbRepository\trunk\C++\CryptDB\Debug\CryptDB.pdb" /SUBSYSTEM:CONSOLE /TLBID:1 /DYNAMICBASE /NXCOMPAT /IMPLIB:"F:\Temp\NiuzbRepository\trunk\C++\CryptDB\Debug\CryptDB.lib" /MACHINE:X86 Debug\CryptDB.exe.embed.manifest.res
         Debug\CryptDB.obj
       Manifest:
         C:\Program Files (x86)\Microsoft SDKs\Windows\v7.0A\bin\mt.exe /nologo /verbose /out:"Debug\CryptDB.exe.embed.manifest" /manifest Debug\CryptDB.exe.intermediate.manifest
         所有输出均为最新。
       LinkEmbedManifest:
         所有输出均为最新。
         CryptDB.vcxproj -> F:\Temp\NiuzbRepository\trunk\C++\CryptDB\Debug\CryptDB.exe
       FinalizeBuildStatus:
         正在删除文件“Debug\CryptDB.unsuccessfulbuild”。
         正在对“Debug\CryptDB.lastbuildstate”执行 Touch 任务。
     1>已完成生成项目“F:\Temp\NiuzbRepository\trunk\C++\CryptDB\CryptDB.vcxproj”(build 个目标)的操作。

生成成功。

已用时间 00:00:00.56
