F:\Temp\NiuzbRepository\trunk\C++\CryptDB\Debug\cl.command.1.tlog
F:\Temp\NiuzbRepository\trunk\C++\CryptDB\Debug\CL.read.1.tlog
F:\Temp\NiuzbRepository\trunk\C++\CryptDB\Debug\CL.write.1.tlog
F:\TEMP\NIUZBREPOSITORY\TRUNK\C++\CRYPTDB\DEBUG\CRYPTDB.EXE
F:\TEMP\NIUZBREPOSITORY\TRUNK\C++\CRYPTDB\DEBUG\CRYPTDB.EXE.EMBED.MANIFEST
F:\TEMP\NIUZBREPOSITORY\TRUNK\C++\CRYPTDB\DEBUG\CRYPTDB.EXE.EMBED.MANIFEST.RES
F:\TEMP\NIUZBREPOSITORY\TRUNK\C++\CRYPTDB\DEBUG\CRYPTDB.EXE.INTERMEDIATE.MANIFEST
F:\TEMP\NIUZBREPOSITORY\TRUNK\C++\CRYPTDB\DEBUG\CRYPTDB.ILK
F:\TEMP\NIUZBREPOSITORY\TRUNK\C++\CRYPTDB\DEBUG\CRYPTDB.OBJ
F:\TEMP\NIUZBREPOSITORY\TRUNK\C++\CRYPTDB\DEBUG\CRYPTDB.PDB
F:\Temp\NiuzbRepository\trunk\C++\CryptDB\Debug\CryptDB.write.1.tlog
F:\Temp\NiuzbRepository\trunk\C++\CryptDB\Debug\CryptDB_manifest.rc
F:\Temp\NiuzbRepository\trunk\C++\CryptDB\Debug\link.20332.read.1.tlog
F:\Temp\NiuzbRepository\trunk\C++\CryptDB\Debug\link.20332.write.1.tlog
F:\Temp\NiuzbRepository\trunk\C++\CryptDB\Debug\link.20332-cvtres.read.1.tlog
F:\Temp\NiuzbRepository\trunk\C++\CryptDB\Debug\link.20332-cvtres.write.1.tlog
F:\Temp\NiuzbRepository\trunk\C++\CryptDB\Debug\link.command.1.tlog
F:\Temp\NiuzbRepository\trunk\C++\CryptDB\Debug\link.read.1.tlog
F:\Temp\NiuzbRepository\trunk\C++\CryptDB\Debug\link.write.1.tlog
F:\Temp\NiuzbRepository\trunk\C++\CryptDB\Debug\link-cvtres.read.1.tlog
F:\Temp\NiuzbRepository\trunk\C++\CryptDB\Debug\link-cvtres.write.1.tlog
F:\Temp\NiuzbRepository\trunk\C++\CryptDB\Debug\mt.command.1.tlog
F:\Temp\NiuzbRepository\trunk\C++\CryptDB\Debug\mt.read.1.tlog
F:\Temp\NiuzbRepository\trunk\C++\CryptDB\Debug\mt.write.1.tlog
F:\Temp\NiuzbRepository\trunk\C++\CryptDB\Debug\rc.command.1.tlog
F:\Temp\NiuzbRepository\trunk\C++\CryptDB\Debug\rc.read.1.tlog
F:\Temp\NiuzbRepository\trunk\C++\CryptDB\Debug\rc.write.1.tlog
F:\Temp\NiuzbRepository\trunk\C++\CryptDB\Debug\vc100.idb
F:\TEMP\NIUZBREPOSITORY\TRUNK\C++\CRYPTDB\DEBUG\VC100.PDB
